<?xml version="1.0" encoding="UTF-8"?>
<testng-results ignored="0" total="2" passed="2" failed="0" skipped="0">
  <reporter-output>
  </reporter-output>
  <suite started-at="2023-10-13T08:17:33Z" name="SavillsHK自动化测试用例" finished-at="2023-10-13T08:17:51Z" duration-ms="18605">
    <groups>
    </groups>
    <test started-at="2023-10-13T08:17:33Z" name="冒烟测试" finished-at="2023-10-13T08:17:51Z" duration-ms="18605">
      <class name="TestLead">
        <test-method is-config="true" signature="beforeClass()[pri:0, instance:TestLead@22df874e]" started-at="2023-10-13T16:17:33Z" name="beforeClass" finished-at="2023-10-13T16:17:45Z" duration-ms="11947" status="PASS">
          <reporter-output>
          </reporter-output>
        </test-method> <!-- beforeClass -->
        <test-method signature="SearchName()[pri:0, instance:TestLead@22df874e]" started-at="2023-10-13T16:17:45Z" name="SearchName" finished-at="2023-10-13T16:17:47Z" duration-ms="1942" status="PASS">
          <reporter-output>
          </reporter-output>
        </test-method> <!-- SearchName -->
        <test-method is-config="true" signature="afterClass()[pri:0, instance:TestLead@22df874e]" started-at="2023-10-13T16:17:47Z" name="afterClass" finished-at="2023-10-13T16:17:47Z" duration-ms="208" status="PASS">
          <reporter-output>
          </reporter-output>
        </test-method> <!-- afterClass -->
      </class> <!-- TestLead -->
      <class name="TestContact">
        <test-method is-config="true" signature="beforeClass()[pri:0, instance:TestContact@1761de10]" started-at="2023-10-13T16:17:33Z" name="beforeClass" finished-at="2023-10-13T16:17:47Z" duration-ms="13881" status="PASS">
          <reporter-output>
          </reporter-output>
        </test-method> <!-- beforeClass -->
        <test-method signature="SearchName()[pri:0, instance:TestContact@1761de10]" started-at="2023-10-13T16:17:47Z" name="SearchName" finished-at="2023-10-13T16:17:51Z" duration-ms="4457" status="PASS">
          <reporter-output>
          </reporter-output>
        </test-method> <!-- SearchName -->
        <test-method is-config="true" signature="afterClass()[pri:0, instance:TestContact@1761de10]" started-at="2023-10-13T16:17:51Z" name="afterClass" finished-at="2023-10-13T16:17:51Z" duration-ms="227" status="PASS">
          <reporter-output>
          </reporter-output>
        </test-method> <!-- afterClass -->
      </class> <!-- TestContact -->
    </test> <!-- 冒烟测试 -->
  </suite> <!-- SavillsHK自动化测试用例 -->
</testng-results>
