<?xml version="1.0" encoding="UTF-8"?>
<testsuite xmlns:xsi="http://www.w3.org/2001/XMLSchema-instance" xsi:noNamespaceSchemaLocation="https://maven.apache.org/surefire/maven-surefire-plugin/xsd/surefire-test-report-3.0.xsd" version="3.0" name="TestSuite" time="20.087" tests="2" errors="0" skipped="0" failures="0">
  <properties>
[...]
</properties>
  <testcase name="SearchName" classname="TestLead" time="0.026">
    <system-err><![CDATA[SLF4J: Failed to load class "org.slf4j.impl.StaticLoggerBinder".
SLF4J: Defaulting to no-operation (NOP) logger implementation
SLF4J: See http://www.slf4j.org/codes.html#StaticLoggerBinder for further details.
StartSingt CahrrotmeDirnivger 11 7.0.C59h38r.9o2m (e67D64r9bi1v0be9r2b b118127fb.a03.557983318e.f97d2d 6a(16b7a64a95b61048b-9re2fbs/bb1r8an2cfh-bhae3a5d7s8/3519e3f87_d6d26@a{1b#a1a45}6)4 8-orne fpso/rtb ra2nc9h1-0h9e
aOdnsl/y5 9lo3c8a_l6 2c@on{n#e1c4}t)io onns  aporret  a4l6l4o7we
d.On
lPyl elaoscea ls ceoen nhetcttps://chromedriver.chroimiuom.nosrg /aserceu railtly-owceodn.s
iPdleeraastei osnese  fhtotrps :s/u/gcghersotmiedornisve ro.nc hkreomeipuimn.ogr gC/hsercouritym-ecDonrsiivdeerart iosnasf ef.or
 suggestions on keeping ChromeDriver safe.
ChromeDriver was started successfully.
ChromeDriver was started successfully.
10月 13, 2023 4:17:35 下午 org.openqa.selenium.remote.ProtocolHandshake createSession
信息: Detected dialect: W3C
10月 13, 2023 4:17:35 下午 org.openqa.selenium.remote.ProtocolHandshake createSession
信息: Detected dialect: W3C
]]></system-err>
  </testcase>
  <testcase name="SearchName" classname="TestContact" time="4.456"/>
</testsuite>